DEBUG - 2025-06-13 11:02:36 --> Session: Class initialized using 'CodeIgniter\Session\Handlers\FileHandler' driver.
DEBUG - 2025-06-13 11:02:39 --> Session: Class initialized using 'CodeIgniter\Session\Handlers\FileHandler' driver.
DEBUG - 2025-06-13 11:03:20 --> Session: Class initialized using 'CodeIgniter\Session\Handlers\FileHandler' driver.
DEBUG - 2025-06-13 11:03:31 --> Session: Class initialized using 'CodeIgniter\Session\Handlers\FileHandler' driver.
DEBUG - 2025-06-13 11:04:02 --> Session: Class initialized using 'CodeIgniter\Session\Handlers\FileHandler' driver.
DEBUG - 2025-06-13 11:04:18 --> Session: Class initialized using 'CodeIgniter\Session\Handlers\FileHandler' driver.
DEBUG - 2025-06-13 11:04:19 --> Session: Class initialized using 'CodeIgniter\Session\Handlers\FileHandler' driver.
DEBUG - 2025-06-13 11:04:25 --> Session: Class initialized using 'CodeIgniter\Session\Handlers\FileHandler' driver.
DEBUG - 2025-06-13 11:05:34 --> Session: Class initialized using 'CodeIgniter\Session\Handlers\FileHandler' driver.
DEBUG - 2025-06-13 11:06:43 --> Session: Class initialized using 'CodeIgniter\Session\Handlers\FileHandler' driver.
DEBUG - 2025-06-13 11:09:15 --> Session: Class initialized using 'CodeIgniter\Session\Handlers\FileHandler' driver.
DEBUG - 2025-06-13 11:09:46 --> Session: Class initialized using 'CodeIgniter\Session\Handlers\FileHandler' driver.
DEBUG - 2025-06-13 11:09:46 --> Session: Class initialized using 'CodeIgniter\Session\Handlers\FileHandler' driver.
DEBUG - 2025-06-13 11:12:06 --> Session: Class initialized using 'CodeIgniter\Session\Handlers\FileHandler' driver.
DEBUG - 2025-06-13 11:12:44 --> Session: Class initialized using 'CodeIgniter\Session\Handlers\FileHandler' driver.
DEBUG - 2025-06-13 11:12:55 --> Session: Class initialized using 'CodeIgniter\Session\Handlers\FileHandler' driver.
DEBUG - 2025-06-13 11:12:55 --> Session: Class initialized using 'CodeIgniter\Session\Handlers\FileHandler' driver.
DEBUG - 2025-06-13 11:13:05 --> Session: Class initialized using 'CodeIgniter\Session\Handlers\FileHandler' driver.
DEBUG - 2025-06-13 11:13:43 --> Session: Class initialized using 'CodeIgniter\Session\Handlers\FileHandler' driver.
DEBUG - 2025-06-13 11:14:14 --> Session: Class initialized using 'CodeIgniter\Session\Handlers\FileHandler' driver.
DEBUG - 2025-06-13 11:14:14 --> Session: Class initialized using 'CodeIgniter\Session\Handlers\FileHandler' driver.
DEBUG - 2025-06-13 11:14:27 --> Session: Class initialized using 'CodeIgniter\Session\Handlers\FileHandler' driver.
DEBUG - 2025-06-13 11:14:30 --> Session: Class initialized using 'CodeIgniter\Session\Handlers\FileHandler' driver.
DEBUG - 2025-06-13 11:16:14 --> Session: Class initialized using 'CodeIgniter\Session\Handlers\FileHandler' driver.
DEBUG - 2025-06-13 11:18:17 --> Session: Class initialized using 'CodeIgniter\Session\Handlers\FileHandler' driver.
DEBUG - 2025-06-13 11:21:38 --> Session: Class initialized using 'CodeIgniter\Session\Handlers\FileHandler' driver.
DEBUG - 2025-06-13 11:22:02 --> Session: Class initialized using 'CodeIgniter\Session\Handlers\FileHandler' driver.
DEBUG - 2025-06-13 11:22:15 --> Session: Class initialized using 'CodeIgniter\Session\Handlers\FileHandler' driver.
DEBUG - 2025-06-13 11:22:23 --> Session: Class initialized using 'CodeIgniter\Session\Handlers\FileHandler' driver.
DEBUG - 2025-06-13 11:22:43 --> Session: Class initialized using 'CodeIgniter\Session\Handlers\FileHandler' driver.
DEBUG - 2025-06-13 11:23:33 --> Session: Class initialized using 'CodeIgniter\Session\Handlers\FileHandler' driver.
ERROR - 2025-06-13 11:23:39 --> mysqli_sql_exception: Table 'tibra.diskon' doesn't exist in C:\xampp\htdocs\tibra\system\Database\MySQLi\Connection.php:327
Stack trace:
#0 C:\xampp\htdocs\tibra\system\Database\MySQLi\Connection.php(327): mysqli->query('SELECT `diskon`...', 0)
#1 C:\xampp\htdocs\tibra\system\Database\BaseConnection.php(738): CodeIgniter\Database\MySQLi\Connection->execute('SELECT `diskon`...')
#2 C:\xampp\htdocs\tibra\system\Database\BaseConnection.php(652): CodeIgniter\Database\BaseConnection->simpleQuery('SELECT `diskon`...')
#3 C:\xampp\htdocs\tibra\system\Database\BaseBuilder.php(1649): CodeIgniter\Database\BaseConnection->query('SELECT `diskon`...', Array, false)
#4 C:\xampp\htdocs\tibra\app\Models\DiskonModel.php(19): CodeIgniter\Database\BaseBuilder->get()
#5 C:\xampp\htdocs\tibra\app\Controllers\AdminController.php(38): App\Models\DiskonModel->getDiskonWithProduk()
#6 C:\xampp\htdocs\tibra\system\CodeIgniter.php(933): App\Controllers\AdminController->diskon()
#7 C:\xampp\htdocs\tibra\system\CodeIgniter.php(507): CodeIgniter\CodeIgniter->runController(Object(App\Controllers\AdminController))
#8 C:\xampp\htdocs\tibra\system\CodeIgniter.php(354): CodeIgniter\CodeIgniter->handleRequest(NULL, Object(Config\Cache), false)
#9 C:\xampp\htdocs\tibra\system\Boot.php(334): CodeIgniter\CodeIgniter->run()
#10 C:\xampp\htdocs\tibra\system\Boot.php(67): CodeIgniter\Boot::runCodeIgniter(Object(CodeIgniter\CodeIgniter))
#11 C:\xampp\htdocs\tibra\public\index.php(59): CodeIgniter\Boot::bootWeb(Object(Config\Paths))
#12 C:\xampp\htdocs\tibra\system\rewrite.php(44): require_once('C:\\xampp\\htdocs...')
#13 {main}
CRITICAL - 2025-06-13 11:23:39 --> CodeIgniter\Database\Exceptions\DatabaseException: Table 'tibra.diskon' doesn't exist
[Method: GET, Route: diskon]
in SYSTEMPATH\Database\BaseConnection.php on line 692.
 1 SYSTEMPATH\Database\BaseBuilder.php(1649): CodeIgniter\Database\BaseConnection->query('SELECT `diskon`.*, `produk`.`nama_produk`, `produk`.`harga_produk`
FROM `diskon`
LEFT JOIN `produk` ON `produk`.`id_produk` = `diskon`.`id_produk`', [], false)
 2 APPPATH\Models\DiskonModel.php(19): CodeIgniter\Database\BaseBuilder->get()
 3 APPPATH\Controllers\AdminController.php(38): App\Models\DiskonModel->getDiskonWithProduk()
 4 SYSTEMPATH\CodeIgniter.php(933): App\Controllers\AdminController->diskon()
 5 SYSTEMPATH\CodeIgniter.php(507): CodeIgniter\CodeIgniter->runController(Object(App\Controllers\AdminController))
 6 SYSTEMPATH\CodeIgniter.php(354): CodeIgniter\CodeIgniter->handleRequest(null, Object(Config\Cache), false)
 7 SYSTEMPATH\Boot.php(334): CodeIgniter\CodeIgniter->run()
 8 SYSTEMPATH\Boot.php(67): CodeIgniter\Boot::runCodeIgniter(Object(CodeIgniter\CodeIgniter))
 9 FCPATH\index.php(59): CodeIgniter\Boot::bootWeb(Object(Config\Paths))
10 SYSTEMPATH\rewrite.php(44): require_once('C:\\xampp\\htdocs\\tibra\\public\\index.php')
CRITICAL - 2025-06-13 11:23:39 --> [Caused by] CodeIgniter\Database\Exceptions\DatabaseException: Table 'tibra.diskon' doesn't exist
in SYSTEMPATH\Database\MySQLi\Connection.php on line 332.
 1 SYSTEMPATH\Database\BaseConnection.php(738): CodeIgniter\Database\MySQLi\Connection->execute('SELECT `diskon`.*, `produk`.`nama_produk`, `produk`.`harga_produk`
FROM `diskon`
LEFT JOIN `produk` ON `produk`.`id_produk` = `diskon`.`id_produk`')
 2 SYSTEMPATH\Database\BaseConnection.php(652): CodeIgniter\Database\BaseConnection->simpleQuery('SELECT `diskon`.*, `produk`.`nama_produk`, `produk`.`harga_produk`
FROM `diskon`
LEFT JOIN `produk` ON `produk`.`id_produk` = `diskon`.`id_produk`')
 3 SYSTEMPATH\Database\BaseBuilder.php(1649): CodeIgniter\Database\BaseConnection->query('SELECT `diskon`.*, `produk`.`nama_produk`, `produk`.`harga_produk`
FROM `diskon`
LEFT JOIN `produk` ON `produk`.`id_produk` = `diskon`.`id_produk`', [], false)
 4 APPPATH\Models\DiskonModel.php(19): CodeIgniter\Database\BaseBuilder->get()
 5 APPPATH\Controllers\AdminController.php(38): App\Models\DiskonModel->getDiskonWithProduk()
 6 SYSTEMPATH\CodeIgniter.php(933): App\Controllers\AdminController->diskon()
 7 SYSTEMPATH\CodeIgniter.php(507): CodeIgniter\CodeIgniter->runController(Object(App\Controllers\AdminController))
 8 SYSTEMPATH\CodeIgniter.php(354): CodeIgniter\CodeIgniter->handleRequest(null, Object(Config\Cache), false)
 9 SYSTEMPATH\Boot.php(334): CodeIgniter\CodeIgniter->run()
10 SYSTEMPATH\Boot.php(67): CodeIgniter\Boot::runCodeIgniter(Object(CodeIgniter\CodeIgniter))
11 FCPATH\index.php(59): CodeIgniter\Boot::bootWeb(Object(Config\Paths))
12 SYSTEMPATH\rewrite.php(44): require_once('C:\\xampp\\htdocs\\tibra\\public\\index.php')
CRITICAL - 2025-06-13 11:23:39 --> [Caused by] mysqli_sql_exception: Table 'tibra.diskon' doesn't exist
in SYSTEMPATH\Database\MySQLi\Connection.php on line 327.
 1 SYSTEMPATH\Database\MySQLi\Connection.php(327): mysqli->query('SELECT `diskon`.*, `produk`.`nama_produk`, `produk`.`harga_produk`
FROM `diskon`
LEFT JOIN `produk` ON `produk`.`id_produk` = `diskon`.`id_produk`', 0)
 2 SYSTEMPATH\Database\BaseConnection.php(738): CodeIgniter\Database\MySQLi\Connection->execute('SELECT `diskon`.*, `produk`.`nama_produk`, `produk`.`harga_produk`
FROM `diskon`
LEFT JOIN `produk` ON `produk`.`id_produk` = `diskon`.`id_produk`')
 3 SYSTEMPATH\Database\BaseConnection.php(652): CodeIgniter\Database\BaseConnection->simpleQuery('SELECT `diskon`.*, `produk`.`nama_produk`, `produk`.`harga_produk`
FROM `diskon`
LEFT JOIN `produk` ON `produk`.`id_produk` = `diskon`.`id_produk`')
 4 SYSTEMPATH\Database\BaseBuilder.php(1649): CodeIgniter\Database\BaseConnection->query('SELECT `diskon`.*, `produk`.`nama_produk`, `produk`.`harga_produk`
FROM `diskon`
LEFT JOIN `produk` ON `produk`.`id_produk` = `diskon`.`id_produk`', [], false)
 5 APPPATH\Models\DiskonModel.php(19): CodeIgniter\Database\BaseBuilder->get()
 6 APPPATH\Controllers\AdminController.php(38): App\Models\DiskonModel->getDiskonWithProduk()
 7 SYSTEMPATH\CodeIgniter.php(933): App\Controllers\AdminController->diskon()
 8 SYSTEMPATH\CodeIgniter.php(507): CodeIgniter\CodeIgniter->runController(Object(App\Controllers\AdminController))
 9 SYSTEMPATH\CodeIgniter.php(354): CodeIgniter\CodeIgniter->handleRequest(null, Object(Config\Cache), false)
10 SYSTEMPATH\Boot.php(334): CodeIgniter\CodeIgniter->run()
11 SYSTEMPATH\Boot.php(67): CodeIgniter\Boot::runCodeIgniter(Object(CodeIgniter\CodeIgniter))
12 FCPATH\index.php(59): CodeIgniter\Boot::bootWeb(Object(Config\Paths))
13 SYSTEMPATH\rewrite.php(44): require_once('C:\\xampp\\htdocs\\tibra\\public\\index.php')
DEBUG - 2025-06-13 11:23:49 --> Session: Class initialized using 'CodeIgniter\Session\Handlers\FileHandler' driver.
DEBUG - 2025-06-13 11:23:52 --> Session: Class initialized using 'CodeIgniter\Session\Handlers\FileHandler' driver.
DEBUG - 2025-06-13 11:23:55 --> Session: Class initialized using 'CodeIgniter\Session\Handlers\FileHandler' driver.
DEBUG - 2025-06-13 11:27:25 --> Session: Class initialized using 'CodeIgniter\Session\Handlers\FileHandler' driver.
CRITICAL - 2025-06-13 11:27:25 --> ErrorException: Attempt to read property "id_produk" on array
[Method: GET, Route: diskon]
in APPPATH\Views\Admin\discount.php on line 224.
 1 APPPATH\Views\Admin\discount.php(224): CodeIgniter\Debug\Exceptions->errorHandler(2, 'Attempt to read property "id_produk" on array', 'C:\\xampp\\htdocs\\tibra\\app\\Views\\Admin\\discount.php', 224)
 2 SYSTEMPATH\View\View.php(224): include('C:\\xampp\\htdocs\\tibra\\app\\Views\\Admin\\discount.php')
 3 SYSTEMPATH\View\View.php(227): CodeIgniter\View\View->CodeIgniter\View\{closure}()
 4 SYSTEMPATH\Common.php(1173): CodeIgniter\View\View->render('Admin/discount.php', [], true)
 5 APPPATH\Controllers\AdminController.php(38): view('Admin/discount.php', [...])
 6 SYSTEMPATH\CodeIgniter.php(933): App\Controllers\AdminController->diskon()
 7 SYSTEMPATH\CodeIgniter.php(507): CodeIgniter\CodeIgniter->runController(Object(App\Controllers\AdminController))
 8 SYSTEMPATH\CodeIgniter.php(354): CodeIgniter\CodeIgniter->handleRequest(null, Object(Config\Cache), false)
 9 SYSTEMPATH\Boot.php(334): CodeIgniter\CodeIgniter->run()
10 SYSTEMPATH\Boot.php(67): CodeIgniter\Boot::runCodeIgniter(Object(CodeIgniter\CodeIgniter))
11 FCPATH\index.php(59): CodeIgniter\Boot::bootWeb(Object(Config\Paths))
12 SYSTEMPATH\rewrite.php(44): require_once('C:\\xampp\\htdocs\\tibra\\public\\index.php')
DEBUG - 2025-06-13 11:27:27 --> Session: Class initialized using 'CodeIgniter\Session\Handlers\FileHandler' driver.
DEBUG - 2025-06-13 11:27:27 --> Session: Class initialized using 'CodeIgniter\Session\Handlers\FileHandler' driver.
DEBUG - 2025-06-13 11:27:39 --> Session: Class initialized using 'CodeIgniter\Session\Handlers\FileHandler' driver.
CRITICAL - 2025-06-13 11:27:39 --> ErrorException: Attempt to read property "id_produk" on array
[Method: GET, Route: diskon]
in APPPATH\Views\Admin\discount.php on line 224.
 1 APPPATH\Views\Admin\discount.php(224): CodeIgniter\Debug\Exceptions->errorHandler(2, 'Attempt to read property "id_produk" on array', 'C:\\xampp\\htdocs\\tibra\\app\\Views\\Admin\\discount.php', 224)
 2 SYSTEMPATH\View\View.php(224): include('C:\\xampp\\htdocs\\tibra\\app\\Views\\Admin\\discount.php')
 3 SYSTEMPATH\View\View.php(227): CodeIgniter\View\View->CodeIgniter\View\{closure}()
 4 SYSTEMPATH\Common.php(1173): CodeIgniter\View\View->render('Admin/discount.php', [], true)
 5 APPPATH\Controllers\AdminController.php(38): view('Admin/discount.php', [...])
 6 SYSTEMPATH\CodeIgniter.php(933): App\Controllers\AdminController->diskon()
 7 SYSTEMPATH\CodeIgniter.php(507): CodeIgniter\CodeIgniter->runController(Object(App\Controllers\AdminController))
 8 SYSTEMPATH\CodeIgniter.php(354): CodeIgniter\CodeIgniter->handleRequest(null, Object(Config\Cache), false)
 9 SYSTEMPATH\Boot.php(334): CodeIgniter\CodeIgniter->run()
10 SYSTEMPATH\Boot.php(67): CodeIgniter\Boot::runCodeIgniter(Object(CodeIgniter\CodeIgniter))
11 FCPATH\index.php(59): CodeIgniter\Boot::bootWeb(Object(Config\Paths))
12 SYSTEMPATH\rewrite.php(44): require_once('C:\\xampp\\htdocs\\tibra\\public\\index.php')
DEBUG - 2025-06-13 11:27:39 --> Session: Class initialized using 'CodeIgniter\Session\Handlers\FileHandler' driver.
CRITICAL - 2025-06-13 11:27:39 --> ErrorException: Attempt to read property "id_produk" on array
[Method: GET, Route: diskon]
in APPPATH\Views\Admin\discount.php on line 224.
 1 APPPATH\Views\Admin\discount.php(224): CodeIgniter\Debug\Exceptions->errorHandler(2, 'Attempt to read property "id_produk" on array', 'C:\\xampp\\htdocs\\tibra\\app\\Views\\Admin\\discount.php', 224)
 2 SYSTEMPATH\View\View.php(224): include('C:\\xampp\\htdocs\\tibra\\app\\Views\\Admin\\discount.php')
 3 SYSTEMPATH\View\View.php(227): CodeIgniter\View\View->CodeIgniter\View\{closure}()
 4 SYSTEMPATH\Common.php(1173): CodeIgniter\View\View->render('Admin/discount.php', [], true)
 5 APPPATH\Controllers\AdminController.php(38): view('Admin/discount.php', [...])
 6 SYSTEMPATH\CodeIgniter.php(933): App\Controllers\AdminController->diskon()
 7 SYSTEMPATH\CodeIgniter.php(507): CodeIgniter\CodeIgniter->runController(Object(App\Controllers\AdminController))
 8 SYSTEMPATH\CodeIgniter.php(354): CodeIgniter\CodeIgniter->handleRequest(null, Object(Config\Cache), false)
 9 SYSTEMPATH\Boot.php(334): CodeIgniter\CodeIgniter->run()
10 SYSTEMPATH\Boot.php(67): CodeIgniter\Boot::runCodeIgniter(Object(CodeIgniter\CodeIgniter))
11 FCPATH\index.php(59): CodeIgniter\Boot::bootWeb(Object(Config\Paths))
12 SYSTEMPATH\rewrite.php(44): require_once('C:\\xampp\\htdocs\\tibra\\public\\index.php')
DEBUG - 2025-06-13 11:29:05 --> Session: Class initialized using 'CodeIgniter\Session\Handlers\FileHandler' driver.
CRITICAL - 2025-06-13 11:29:05 --> ErrorException: Attempt to read property "nama_produk" on array
[Method: GET, Route: diskon]
in APPPATH\Views\Admin\discount.php on line 225.
 1 APPPATH\Views\Admin\discount.php(225): CodeIgniter\Debug\Exceptions->errorHandler(2, 'Attempt to read property "nama_produk" on array', 'C:\\xampp\\htdocs\\tibra\\app\\Views\\Admin\\discount.php', 225)
 2 SYSTEMPATH\View\View.php(224): include('C:\\xampp\\htdocs\\tibra\\app\\Views\\Admin\\discount.php')
 3 SYSTEMPATH\View\View.php(227): CodeIgniter\View\View->CodeIgniter\View\{closure}()
 4 SYSTEMPATH\Common.php(1173): CodeIgniter\View\View->render('Admin/discount.php', [], true)
 5 APPPATH\Controllers\AdminController.php(38): view('Admin/discount.php', [...])
 6 SYSTEMPATH\CodeIgniter.php(933): App\Controllers\AdminController->diskon()
 7 SYSTEMPATH\CodeIgniter.php(507): CodeIgniter\CodeIgniter->runController(Object(App\Controllers\AdminController))
 8 SYSTEMPATH\CodeIgniter.php(354): CodeIgniter\CodeIgniter->handleRequest(null, Object(Config\Cache), false)
 9 SYSTEMPATH\Boot.php(334): CodeIgniter\CodeIgniter->run()
10 SYSTEMPATH\Boot.php(67): CodeIgniter\Boot::runCodeIgniter(Object(CodeIgniter\CodeIgniter))
11 FCPATH\index.php(59): CodeIgniter\Boot::bootWeb(Object(Config\Paths))
12 SYSTEMPATH\rewrite.php(44): require_once('C:\\xampp\\htdocs\\tibra\\public\\index.php')
DEBUG - 2025-06-13 11:29:17 --> Session: Class initialized using 'CodeIgniter\Session\Handlers\FileHandler' driver.
CRITICAL - 2025-06-13 11:29:17 --> ErrorException: Attempt to read property "kategori_produk" on array
[Method: GET, Route: diskon]
in APPPATH\Views\Admin\discount.php on line 226.
 1 APPPATH\Views\Admin\discount.php(226): CodeIgniter\Debug\Exceptions->errorHandler(2, 'Attempt to read property "kategori_produk" on array', 'C:\\xampp\\htdocs\\tibra\\app\\Views\\Admin\\discount.php', 226)
 2 SYSTEMPATH\View\View.php(224): include('C:\\xampp\\htdocs\\tibra\\app\\Views\\Admin\\discount.php')
 3 SYSTEMPATH\View\View.php(227): CodeIgniter\View\View->CodeIgniter\View\{closure}()
 4 SYSTEMPATH\Common.php(1173): CodeIgniter\View\View->render('Admin/discount.php', [], true)
 5 APPPATH\Controllers\AdminController.php(38): view('Admin/discount.php', [...])
 6 SYSTEMPATH\CodeIgniter.php(933): App\Controllers\AdminController->diskon()
 7 SYSTEMPATH\CodeIgniter.php(507): CodeIgniter\CodeIgniter->runController(Object(App\Controllers\AdminController))
 8 SYSTEMPATH\CodeIgniter.php(354): CodeIgniter\CodeIgniter->handleRequest(null, Object(Config\Cache), false)
 9 SYSTEMPATH\Boot.php(334): CodeIgniter\CodeIgniter->run()
10 SYSTEMPATH\Boot.php(67): CodeIgniter\Boot::runCodeIgniter(Object(CodeIgniter\CodeIgniter))
11 FCPATH\index.php(59): CodeIgniter\Boot::bootWeb(Object(Config\Paths))
12 SYSTEMPATH\rewrite.php(44): require_once('C:\\xampp\\htdocs\\tibra\\public\\index.php')
DEBUG - 2025-06-13 11:29:34 --> Session: Class initialized using 'CodeIgniter\Session\Handlers\FileHandler' driver.
CRITICAL - 2025-06-13 11:29:34 --> ErrorException: Attempt to read property "diskon" on array
[Method: GET, Route: diskon]
in APPPATH\Views\Admin\discount.php on line 226.
 1 APPPATH\Views\Admin\discount.php(226): CodeIgniter\Debug\Exceptions->errorHandler(2, 'Attempt to read property "diskon" on array', 'C:\\xampp\\htdocs\\tibra\\app\\Views\\Admin\\discount.php', 226)
 2 SYSTEMPATH\View\View.php(224): include('C:\\xampp\\htdocs\\tibra\\app\\Views\\Admin\\discount.php')
 3 SYSTEMPATH\View\View.php(227): CodeIgniter\View\View->CodeIgniter\View\{closure}()
 4 SYSTEMPATH\Common.php(1173): CodeIgniter\View\View->render('Admin/discount.php', [], true)
 5 APPPATH\Controllers\AdminController.php(38): view('Admin/discount.php', [...])
 6 SYSTEMPATH\CodeIgniter.php(933): App\Controllers\AdminController->diskon()
 7 SYSTEMPATH\CodeIgniter.php(507): CodeIgniter\CodeIgniter->runController(Object(App\Controllers\AdminController))
 8 SYSTEMPATH\CodeIgniter.php(354): CodeIgniter\CodeIgniter->handleRequest(null, Object(Config\Cache), false)
 9 SYSTEMPATH\Boot.php(334): CodeIgniter\CodeIgniter->run()
10 SYSTEMPATH\Boot.php(67): CodeIgniter\Boot::runCodeIgniter(Object(CodeIgniter\CodeIgniter))
11 FCPATH\index.php(59): CodeIgniter\Boot::bootWeb(Object(Config\Paths))
12 SYSTEMPATH\rewrite.php(44): require_once('C:\\xampp\\htdocs\\tibra\\public\\index.php')
DEBUG - 2025-06-13 11:29:46 --> Session: Class initialized using 'CodeIgniter\Session\Handlers\FileHandler' driver.
CRITICAL - 2025-06-13 11:29:46 --> ErrorException: Undefined array key "diskon"
[Method: GET, Route: diskon]
in APPPATH\Views\Admin\discount.php on line 226.
 1 APPPATH\Views\Admin\discount.php(226): CodeIgniter\Debug\Exceptions->errorHandler(2, 'Undefined array key "diskon"', 'C:\\xampp\\htdocs\\tibra\\app\\Views\\Admin\\discount.php', 226)
 2 SYSTEMPATH\View\View.php(224): include('C:\\xampp\\htdocs\\tibra\\app\\Views\\Admin\\discount.php')
 3 SYSTEMPATH\View\View.php(227): CodeIgniter\View\View->CodeIgniter\View\{closure}()
 4 SYSTEMPATH\Common.php(1173): CodeIgniter\View\View->render('Admin/discount.php', [], true)
 5 APPPATH\Controllers\AdminController.php(38): view('Admin/discount.php', [...])
 6 SYSTEMPATH\CodeIgniter.php(933): App\Controllers\AdminController->diskon()
 7 SYSTEMPATH\CodeIgniter.php(507): CodeIgniter\CodeIgniter->runController(Object(App\Controllers\AdminController))
 8 SYSTEMPATH\CodeIgniter.php(354): CodeIgniter\CodeIgniter->handleRequest(null, Object(Config\Cache), false)
 9 SYSTEMPATH\Boot.php(334): CodeIgniter\CodeIgniter->run()
10 SYSTEMPATH\Boot.php(67): CodeIgniter\Boot::runCodeIgniter(Object(CodeIgniter\CodeIgniter))
11 FCPATH\index.php(59): CodeIgniter\Boot::bootWeb(Object(Config\Paths))
12 SYSTEMPATH\rewrite.php(44): require_once('C:\\xampp\\htdocs\\tibra\\public\\index.php')
DEBUG - 2025-06-13 11:30:09 --> Session: Class initialized using 'CodeIgniter\Session\Handlers\FileHandler' driver.
CRITICAL - 2025-06-13 11:30:09 --> ErrorException: Attempt to read property "harga_produk" on array
[Method: GET, Route: diskon]
in APPPATH\Views\Admin\discount.php on line 227.
 1 APPPATH\Views\Admin\discount.php(227): CodeIgniter\Debug\Exceptions->errorHandler(2, 'Attempt to read property "harga_produk" on array', 'C:\\xampp\\htdocs\\tibra\\app\\Views\\Admin\\discount.php', 227)
 2 SYSTEMPATH\View\View.php(224): include('C:\\xampp\\htdocs\\tibra\\app\\Views\\Admin\\discount.php')
 3 SYSTEMPATH\View\View.php(227): CodeIgniter\View\View->CodeIgniter\View\{closure}()
 4 SYSTEMPATH\Common.php(1173): CodeIgniter\View\View->render('Admin/discount.php', [], true)
 5 APPPATH\Controllers\AdminController.php(38): view('Admin/discount.php', [...])
 6 SYSTEMPATH\CodeIgniter.php(933): App\Controllers\AdminController->diskon()
 7 SYSTEMPATH\CodeIgniter.php(507): CodeIgniter\CodeIgniter->runController(Object(App\Controllers\AdminController))
 8 SYSTEMPATH\CodeIgniter.php(354): CodeIgniter\CodeIgniter->handleRequest(null, Object(Config\Cache), false)
 9 SYSTEMPATH\Boot.php(334): CodeIgniter\CodeIgniter->run()
10 SYSTEMPATH\Boot.php(67): CodeIgniter\Boot::runCodeIgniter(Object(CodeIgniter\CodeIgniter))
11 FCPATH\index.php(59): CodeIgniter\Boot::bootWeb(Object(Config\Paths))
12 SYSTEMPATH\rewrite.php(44): require_once('C:\\xampp\\htdocs\\tibra\\public\\index.php')
DEBUG - 2025-06-13 11:31:05 --> Session: Class initialized using 'CodeIgniter\Session\Handlers\FileHandler' driver.
CRITICAL - 2025-06-13 11:31:05 --> ErrorException: Attempt to read property "harga_produk" on array
[Method: GET, Route: diskon]
in APPPATH\Views\Admin\discount.php on line 230.
 1 APPPATH\Views\Admin\discount.php(230): CodeIgniter\Debug\Exceptions->errorHandler(2, 'Attempt to read property "harga_produk" on array', 'C:\\xampp\\htdocs\\tibra\\app\\Views\\Admin\\discount.php', 230)
 2 SYSTEMPATH\View\View.php(224): include('C:\\xampp\\htdocs\\tibra\\app\\Views\\Admin\\discount.php')
 3 SYSTEMPATH\View\View.php(227): CodeIgniter\View\View->CodeIgniter\View\{closure}()
 4 SYSTEMPATH\Common.php(1173): CodeIgniter\View\View->render('Admin/discount.php', [], true)
 5 APPPATH\Controllers\AdminController.php(38): view('Admin/discount.php', [...])
 6 SYSTEMPATH\CodeIgniter.php(933): App\Controllers\AdminController->diskon()
 7 SYSTEMPATH\CodeIgniter.php(507): CodeIgniter\CodeIgniter->runController(Object(App\Controllers\AdminController))
 8 SYSTEMPATH\CodeIgniter.php(354): CodeIgniter\CodeIgniter->handleRequest(null, Object(Config\Cache), false)
 9 SYSTEMPATH\Boot.php(334): CodeIgniter\CodeIgniter->run()
10 SYSTEMPATH\Boot.php(67): CodeIgniter\Boot::runCodeIgniter(Object(CodeIgniter\CodeIgniter))
11 FCPATH\index.php(59): CodeIgniter\Boot::bootWeb(Object(Config\Paths))
12 SYSTEMPATH\rewrite.php(44): require_once('C:\\xampp\\htdocs\\tibra\\public\\index.php')
DEBUG - 2025-06-13 11:31:15 --> Session: Class initialized using 'CodeIgniter\Session\Handlers\FileHandler' driver.
CRITICAL - 2025-06-13 11:31:15 --> ErrorException: Attempt to read property "diskon" on array
[Method: GET, Route: diskon]
in APPPATH\Views\Admin\discount.php on line 230.
 1 APPPATH\Views\Admin\discount.php(230): CodeIgniter\Debug\Exceptions->errorHandler(2, 'Attempt to read property "diskon" on array', 'C:\\xampp\\htdocs\\tibra\\app\\Views\\Admin\\discount.php', 230)
 2 SYSTEMPATH\View\View.php(224): include('C:\\xampp\\htdocs\\tibra\\app\\Views\\Admin\\discount.php')
 3 SYSTEMPATH\View\View.php(227): CodeIgniter\View\View->CodeIgniter\View\{closure}()
 4 SYSTEMPATH\Common.php(1173): CodeIgniter\View\View->render('Admin/discount.php', [], true)
 5 APPPATH\Controllers\AdminController.php(38): view('Admin/discount.php', [...])
 6 SYSTEMPATH\CodeIgniter.php(933): App\Controllers\AdminController->diskon()
 7 SYSTEMPATH\CodeIgniter.php(507): CodeIgniter\CodeIgniter->runController(Object(App\Controllers\AdminController))
 8 SYSTEMPATH\CodeIgniter.php(354): CodeIgniter\CodeIgniter->handleRequest(null, Object(Config\Cache), false)
 9 SYSTEMPATH\Boot.php(334): CodeIgniter\CodeIgniter->run()
10 SYSTEMPATH\Boot.php(67): CodeIgniter\Boot::runCodeIgniter(Object(CodeIgniter\CodeIgniter))
11 FCPATH\index.php(59): CodeIgniter\Boot::bootWeb(Object(Config\Paths))
12 SYSTEMPATH\rewrite.php(44): require_once('C:\\xampp\\htdocs\\tibra\\public\\index.php')
DEBUG - 2025-06-13 11:31:34 --> Session: Class initialized using 'CodeIgniter\Session\Handlers\FileHandler' driver.
CRITICAL - 2025-06-13 11:31:34 --> ErrorException: Attempt to read property "id_produk" on array
[Method: GET, Route: diskon]
in APPPATH\Views\Admin\discount.php on line 233.
 1 APPPATH\Views\Admin\discount.php(233): CodeIgniter\Debug\Exceptions->errorHandler(2, 'Attempt to read property "id_produk" on array', 'C:\\xampp\\htdocs\\tibra\\app\\Views\\Admin\\discount.php', 233)
 2 SYSTEMPATH\View\View.php(224): include('C:\\xampp\\htdocs\\tibra\\app\\Views\\Admin\\discount.php')
 3 SYSTEMPATH\View\View.php(227): CodeIgniter\View\View->CodeIgniter\View\{closure}()
 4 SYSTEMPATH\Common.php(1173): CodeIgniter\View\View->render('Admin/discount.php', [], true)
 5 APPPATH\Controllers\AdminController.php(38): view('Admin/discount.php', [...])
 6 SYSTEMPATH\CodeIgniter.php(933): App\Controllers\AdminController->diskon()
 7 SYSTEMPATH\CodeIgniter.php(507): CodeIgniter\CodeIgniter->runController(Object(App\Controllers\AdminController))
 8 SYSTEMPATH\CodeIgniter.php(354): CodeIgniter\CodeIgniter->handleRequest(null, Object(Config\Cache), false)
 9 SYSTEMPATH\Boot.php(334): CodeIgniter\CodeIgniter->run()
10 SYSTEMPATH\Boot.php(67): CodeIgniter\Boot::runCodeIgniter(Object(CodeIgniter\CodeIgniter))
11 FCPATH\index.php(59): CodeIgniter\Boot::bootWeb(Object(Config\Paths))
12 SYSTEMPATH\rewrite.php(44): require_once('C:\\xampp\\htdocs\\tibra\\public\\index.php')
DEBUG - 2025-06-13 11:31:43 --> Session: Class initialized using 'CodeIgniter\Session\Handlers\FileHandler' driver.
DEBUG - 2025-06-13 11:32:21 --> Session: Class initialized using 'CodeIgniter\Session\Handlers\FileHandler' driver.
DEBUG - 2025-06-13 11:32:47 --> Session: Class initialized using 'CodeIgniter\Session\Handlers\FileHandler' driver.
DEBUG - 2025-06-13 11:32:59 --> Session: Class initialized using 'CodeIgniter\Session\Handlers\FileHandler' driver.
DEBUG - 2025-06-13 11:33:10 --> Session: Class initialized using 'CodeIgniter\Session\Handlers\FileHandler' driver.
DEBUG - 2025-06-13 11:33:12 --> Session: Class initialized using 'CodeIgniter\Session\Handlers\FileHandler' driver.
DEBUG - 2025-06-13 11:33:14 --> Session: Class initialized using 'CodeIgniter\Session\Handlers\FileHandler' driver.
DEBUG - 2025-06-13 11:33:17 --> Session: Class initialized using 'CodeIgniter\Session\Handlers\FileHandler' driver.
DEBUG - 2025-06-13 11:33:22 --> Session: Class initialized using 'CodeIgniter\Session\Handlers\FileHandler' driver.
DEBUG - 2025-06-13 11:33:23 --> Session: Class initialized using 'CodeIgniter\Session\Handlers\FileHandler' driver.
DEBUG - 2025-06-13 11:34:17 --> Session: Class initialized using 'CodeIgniter\Session\Handlers\FileHandler' driver.
DEBUG - 2025-06-13 11:36:01 --> Session: Class initialized using 'CodeIgniter\Session\Handlers\FileHandler' driver.
DEBUG - 2025-06-13 11:36:02 --> Session: Class initialized using 'CodeIgniter\Session\Handlers\FileHandler' driver.
DEBUG - 2025-06-13 11:36:28 --> Session: Class initialized using 'CodeIgniter\Session\Handlers\FileHandler' driver.
DEBUG - 2025-06-13 11:36:30 --> Session: Class initialized using 'CodeIgniter\Session\Handlers\FileHandler' driver.
DEBUG - 2025-06-13 11:37:31 --> Session: Class initialized using 'CodeIgniter\Session\Handlers\FileHandler' driver.
DEBUG - 2025-06-13 11:37:32 --> Session: Class initialized using 'CodeIgniter\Session\Handlers\FileHandler' driver.
DEBUG - 2025-06-13 11:37:33 --> Session: Class initialized using 'CodeIgniter\Session\Handlers\FileHandler' driver.
DEBUG - 2025-06-13 11:37:35 --> Session: Class initialized using 'CodeIgniter\Session\Handlers\FileHandler' driver.
DEBUG - 2025-06-13 11:38:04 --> Session: Class initialized using 'CodeIgniter\Session\Handlers\FileHandler' driver.
DEBUG - 2025-06-13 11:38:05 --> Session: Class initialized using 'CodeIgniter\Session\Handlers\FileHandler' driver.
DEBUG - 2025-06-13 11:38:50 --> Session: Class initialized using 'CodeIgniter\Session\Handlers\FileHandler' driver.
DEBUG - 2025-06-13 11:38:52 --> Session: Class initialized using 'CodeIgniter\Session\Handlers\FileHandler' driver.
DEBUG - 2025-06-13 11:40:27 --> Session: Class initialized using 'CodeIgniter\Session\Handlers\FileHandler' driver.
DEBUG - 2025-06-13 11:40:39 --> Session: Class initialized using 'CodeIgniter\Session\Handlers\FileHandler' driver.
DEBUG - 2025-06-13 11:40:40 --> Session: Class initialized using 'CodeIgniter\Session\Handlers\FileHandler' driver.
DEBUG - 2025-06-13 11:41:15 --> Session: Class initialized using 'CodeIgniter\Session\Handlers\FileHandler' driver.
DEBUG - 2025-06-13 11:41:41 --> Session: Class initialized using 'CodeIgniter\Session\Handlers\FileHandler' driver.
DEBUG - 2025-06-13 11:43:53 --> Session: Class initialized using 'CodeIgniter\Session\Handlers\FileHandler' driver.
DEBUG - 2025-06-13 11:43:57 --> Session: Class initialized using 'CodeIgniter\Session\Handlers\FileHandler' driver.
DEBUG - 2025-06-13 11:46:50 --> Session: Class initialized using 'CodeIgniter\Session\Handlers\FileHandler' driver.
DEBUG - 2025-06-13 11:46:51 --> Session: Class initialized using 'CodeIgniter\Session\Handlers\FileHandler' driver.
DEBUG - 2025-06-13 11:47:09 --> Session: Class initialized using 'CodeIgniter\Session\Handlers\FileHandler' driver.
DEBUG - 2025-06-13 11:47:11 --> Session: Class initialized using 'CodeIgniter\Session\Handlers\FileHandler' driver.
DEBUG - 2025-06-13 11:47:13 --> Session: Class initialized using 'CodeIgniter\Session\Handlers\FileHandler' driver.
DEBUG - 2025-06-13 11:47:21 --> Session: Class initialized using 'CodeIgniter\Session\Handlers\FileHandler' driver.
DEBUG - 2025-06-13 11:47:52 --> Session: Class initialized using 'CodeIgniter\Session\Handlers\FileHandler' driver.
